<html>
<head>
<title>TestNG:  Dashboard Scripts</title>
<link href="../testng.css" rel="stylesheet" type="text/css" />
<link href="../my-testng.css" rel="stylesheet" type="text/css" />

<style type="text/css">
.log { display: none;} 
.stack-trace { display: none;} 
</style>
<script type="text/javascript">
<!--
function flip(e) {
  current = e.style.display;
  if (current == 'block') {
    e.style.display = 'none';
    return 0;
  }
  else {
    e.style.display = 'block';
    return 1;
  }
}

function toggleBox(szDivId, elem, msg1, msg2)
{
  var res = -1;  if (document.getElementById) {
    res = flip(document.getElementById(szDivId));
  }
  else if (document.all) {
    // this is the way old msie versions work
    res = flip(document.all[szDivId]);
  }
  if(elem) {
    if(res == 0) elem.innerHTML = msg1; else elem.innerHTML = msg2;
  }

}

function toggleAllBoxes() {
  if (document.getElementsByTagName) {
    d = document.getElementsByTagName('div');
    for (i = 0; i < d.length; i++) {
      if (d[i].className == 'log') {
        flip(d[i]);
      }
    }
  }
}

// -->
</script>

</head>
<body>
<h2 align='center'>Dashboard Scripts</h2><table border='1' align="center">
<tr>
<td>Tests passed/Failed/Skipped:</td><td>50/5/0</td>
</tr><tr>
<td>Started on:</td><td>Thu Aug 26 00:38:22 IST 2021</td>
</tr>
<tr><td>Total time:</td><td>10120 seconds (10120622 ms)</td>
</tr><tr>
<td>Included groups:</td><td></td>
</tr><tr>
<td>Excluded groups:</td><td></td>
</tr>
</table><p/>
<small><i>(Hover the method name to see the test class name)</i></small><p/>
<table width='100%' border='1' class='invocation-failed'>
<tr><td colspan='4' align='center'><b>FAILED TESTS</b></td></tr>
<tr><td><b>Test method</b></td>
<td width="30%"><b>Exception</b></td>
<td width="10%"><b>Time (seconds)</b></td>
<td><b>Instance</b></td>
</tr>
<tr>
<td title='TrainingModule.IsonLogin()'><b>IsonLogin</b><br>Test class: TrainingModule</td>
<td><div><pre>org.openqa.selenium.NoSuchElementException: no such element: Unable to locate element: {&quot;method&quot;:&quot;xpath&quot;,&quot;selector&quot;:&quot;//a[contains(text(),&apos;Back to training homepage&apos;)]&quot;}
  (Session info: chrome=92.0.4515.131)
For documentation on this error, please visit: https://www.seleniumhq.org/exceptions/no_such_element.html
Build info: version: &apos;3.141.59&apos;, revision: &apos;e82be7d358&apos;, time: &apos;2018-11-14T08:17:03&apos;
System info: host: &apos;DESKTOP-F3C6V38&apos;, ip: &apos;192.168.75.1&apos;, os.name: &apos;Windows 10&apos;, os.arch: &apos;amd64&apos;, os.version: &apos;10.0&apos;, java.version: &apos;1.8.0_241&apos;
Driver info: org.openqa.selenium.chrome.ChromeDriver
Capabilities {acceptInsecureCerts: true, browserName: chrome, browserVersion: 92.0.4515.131, chrome: {chromedriverVersion: 91.0.4472.19 (1bf021f248676..., userDataDir: C:\Windows\TEMP\scoped_dir1...}, goog:chromeOptions: {debuggerAddress: localhost:53029}, javascriptEnabled: true, networkConnectionEnabled: false, pageLoadStrategy: normal, platform: WINDOWS, platformName: WINDOWS, proxy: Proxy(), setWindowRect: true, strictFileInteractability: false, timeouts: {implicit: 0, pageLoad: 300000, script: 30000}, unhandledPromptBehavior: dismiss and notify, webauthn:extension:largeBlob: true, webauthn:virtualAuthenticators: true}
Session ID: 6f3e699f6ba4d07ca1ec02af297c8cb3
*** Element info: {Using=xpath, value=//a[contains(text(),&apos;Back to training homepage&apos;)]}
	at org.openqa.selenium.remote.http.W3CHttpResponseCodec.createException(W3CHttpResponseCodec.java:187)
	at org.openqa.selenium.remote.http.W3CHttpResponseCodec.decode(W3CHttpResponseCodec.java:122)
	at org.openqa.selenium.remote.http.W3CHttpResponseCodec.decode(W3CHttpResponseCodec.java:49)
	at org.openqa.selenium.remote.HttpCommandExecutor.execute(HttpCommandExecutor.java:158)
	at org.openqa.selenium.remote.service.DriverCommandExecutor.execute(DriverCommandExecutor.java:83)
	at org.openqa.selenium.remote.RemoteWebDriver.execute(RemoteWebDriver.java:552)
	at org.openqa.selenium.remote.RemoteWebDriver.findElement(RemoteWebDriver.java:323)
	at org.openqa.selenium.remote.RemoteWebDriver.findElementByXPath(RemoteWebDriver.java:428)
	at org.openqa.selenium.By$ByXPath.findElement(By.java:353)
	at org.openqa.selenium.remote.RemoteWebDriver.findElement(RemoteWebDriver.java:315)
	at TrainingModule.IsonLogin(TrainingModule.java:509)
	at java.util.concurrent.ThreadPoolExecutor.runWorker(ThreadPoolExecutor.java:1149)
	at java.util.concurrent.ThreadPoolExecutor$Worker.run(ThreadPoolExecutor.java:624)
	at java.lang.Thread.run(Thread.java:748)
... Removed 14 stack frames</pre></div><a href='#' onClick='toggleBox("stack-trace373902028", this, "Click to show all stack frames", "Click to hide stack frames")'>Click to show all stack frames</a>
<div class='stack-trace' id='stack-trace373902028'><pre>org.openqa.selenium.NoSuchElementException: no such element: Unable to locate element: {&quot;method&quot;:&quot;xpath&quot;,&quot;selector&quot;:&quot;//a[contains(text(),&apos;Back to training homepage&apos;)]&quot;}
  (Session info: chrome=92.0.4515.131)
For documentation on this error, please visit: https://www.seleniumhq.org/exceptions/no_such_element.html
Build info: version: &apos;3.141.59&apos;, revision: &apos;e82be7d358&apos;, time: &apos;2018-11-14T08:17:03&apos;
System info: host: &apos;DESKTOP-F3C6V38&apos;, ip: &apos;192.168.75.1&apos;, os.name: &apos;Windows 10&apos;, os.arch: &apos;amd64&apos;, os.version: &apos;10.0&apos;, java.version: &apos;1.8.0_241&apos;
Driver info: org.openqa.selenium.chrome.ChromeDriver
Capabilities {acceptInsecureCerts: true, browserName: chrome, browserVersion: 92.0.4515.131, chrome: {chromedriverVersion: 91.0.4472.19 (1bf021f248676..., userDataDir: C:\Windows\TEMP\scoped_dir1...}, goog:chromeOptions: {debuggerAddress: localhost:53029}, javascriptEnabled: true, networkConnectionEnabled: false, pageLoadStrategy: normal, platform: WINDOWS, platformName: WINDOWS, proxy: Proxy(), setWindowRect: true, strictFileInteractability: false, timeouts: {implicit: 0, pageLoad: 300000, script: 30000}, unhandledPromptBehavior: dismiss and notify, webauthn:extension:largeBlob: true, webauthn:virtualAuthenticators: true}
Session ID: 6f3e699f6ba4d07ca1ec02af297c8cb3
*** Element info: {Using=xpath, value=//a[contains(text(),&apos;Back to training homepage&apos;)]}
	at sun.reflect.NativeConstructorAccessorImpl.newInstance0(Native Method)
	at sun.reflect.NativeConstructorAccessorImpl.newInstance(NativeConstructorAccessorImpl.java:62)
	at sun.reflect.DelegatingConstructorAccessorImpl.newInstance(DelegatingConstructorAccessorImpl.java:45)
	at java.lang.reflect.Constructor.newInstance(Constructor.java:423)
	at org.openqa.selenium.remote.http.W3CHttpResponseCodec.createException(W3CHttpResponseCodec.java:187)
	at org.openqa.selenium.remote.http.W3CHttpResponseCodec.decode(W3CHttpResponseCodec.java:122)
	at org.openqa.selenium.remote.http.W3CHttpResponseCodec.decode(W3CHttpResponseCodec.java:49)
	at org.openqa.selenium.remote.HttpCommandExecutor.execute(HttpCommandExecutor.java:158)
	at org.openqa.selenium.remote.service.DriverCommandExecutor.execute(DriverCommandExecutor.java:83)
	at org.openqa.selenium.remote.RemoteWebDriver.execute(RemoteWebDriver.java:552)
	at org.openqa.selenium.remote.RemoteWebDriver.findElement(RemoteWebDriver.java:323)
	at org.openqa.selenium.remote.RemoteWebDriver.findElementByXPath(RemoteWebDriver.java:428)
	at org.openqa.selenium.By$ByXPath.findElement(By.java:353)
	at org.openqa.selenium.remote.RemoteWebDriver.findElement(RemoteWebDriver.java:315)
	at TrainingModule.IsonLogin(TrainingModule.java:509)
	at sun.reflect.NativeMethodAccessorImpl.invoke0(Native Method)
	at sun.reflect.NativeMethodAccessorImpl.invoke(NativeMethodAccessorImpl.java:62)
	at sun.reflect.DelegatingMethodAccessorImpl.invoke(DelegatingMethodAccessorImpl.java:43)
	at java.lang.reflect.Method.invoke(Method.java:498)
	at org.testng.internal.MethodInvocationHelper.invokeMethod(MethodInvocationHelper.java:124)
	at org.testng.internal.Invoker.invokeMethod(Invoker.java:583)
	at org.testng.internal.Invoker.invokeTestMethod(Invoker.java:719)
	at org.testng.internal.Invoker.invokeTestMethods(Invoker.java:989)
	at org.testng.internal.TestMethodWorker.invokeTestMethods(TestMethodWorker.java:125)
	at org.testng.internal.TestMethodWorker.run(TestMethodWorker.java:109)
	at java.util.concurrent.ThreadPoolExecutor.runWorker(ThreadPoolExecutor.java:1149)
	at java.util.concurrent.ThreadPoolExecutor$Worker.run(ThreadPoolExecutor.java:624)
	at java.lang.Thread.run(Thread.java:748)
</pre></div></td>
<td>1142</td>
<td>TrainingModule@517e2e2b</td></tr>
<tr>
<td title='TrainingModuleRAdmin.IsonLogin()'><b>IsonLogin</b><br>Test class: TrainingModuleRAdmin</td>
<td><div><pre>org.openqa.selenium.NoSuchElementException: no such element: Unable to locate element: {&quot;method&quot;:&quot;xpath&quot;,&quot;selector&quot;:&quot;//a[contains(text(),&apos;Back to training homepage&apos;)]&quot;}
  (Session info: chrome=92.0.4515.131)
For documentation on this error, please visit: https://www.seleniumhq.org/exceptions/no_such_element.html
Build info: version: &apos;3.141.59&apos;, revision: &apos;e82be7d358&apos;, time: &apos;2018-11-14T08:17:03&apos;
System info: host: &apos;DESKTOP-F3C6V38&apos;, ip: &apos;192.168.75.1&apos;, os.name: &apos;Windows 10&apos;, os.arch: &apos;amd64&apos;, os.version: &apos;10.0&apos;, java.version: &apos;1.8.0_241&apos;
Driver info: org.openqa.selenium.chrome.ChromeDriver
Capabilities {acceptInsecureCerts: true, browserName: chrome, browserVersion: 92.0.4515.131, chrome: {chromedriverVersion: 91.0.4472.19 (1bf021f248676..., userDataDir: C:\Windows\TEMP\scoped_dir2...}, goog:chromeOptions: {debuggerAddress: localhost:54794}, javascriptEnabled: true, networkConnectionEnabled: false, pageLoadStrategy: normal, platform: WINDOWS, platformName: WINDOWS, proxy: Proxy(), setWindowRect: true, strictFileInteractability: false, timeouts: {implicit: 0, pageLoad: 300000, script: 30000}, unhandledPromptBehavior: dismiss and notify, webauthn:extension:largeBlob: true, webauthn:virtualAuthenticators: true}
Session ID: 8049ad100fa7f3e921956d85f486ad78
*** Element info: {Using=xpath, value=//a[contains(text(),&apos;Back to training homepage&apos;)]}
	at org.openqa.selenium.remote.http.W3CHttpResponseCodec.createException(W3CHttpResponseCodec.java:187)
	at org.openqa.selenium.remote.http.W3CHttpResponseCodec.decode(W3CHttpResponseCodec.java:122)
	at org.openqa.selenium.remote.http.W3CHttpResponseCodec.decode(W3CHttpResponseCodec.java:49)
	at org.openqa.selenium.remote.HttpCommandExecutor.execute(HttpCommandExecutor.java:158)
	at org.openqa.selenium.remote.service.DriverCommandExecutor.execute(DriverCommandExecutor.java:83)
	at org.openqa.selenium.remote.RemoteWebDriver.execute(RemoteWebDriver.java:552)
	at org.openqa.selenium.remote.RemoteWebDriver.findElement(RemoteWebDriver.java:323)
	at org.openqa.selenium.remote.RemoteWebDriver.findElementByXPath(RemoteWebDriver.java:428)
	at org.openqa.selenium.By$ByXPath.findElement(By.java:353)
	at org.openqa.selenium.remote.RemoteWebDriver.findElement(RemoteWebDriver.java:315)
	at TrainingModuleRAdmin.IsonLogin(TrainingModuleRAdmin.java:492)
	at java.util.concurrent.ThreadPoolExecutor.runWorker(ThreadPoolExecutor.java:1149)
	at java.util.concurrent.ThreadPoolExecutor$Worker.run(ThreadPoolExecutor.java:624)
	at java.lang.Thread.run(Thread.java:748)
... Removed 14 stack frames</pre></div><a href='#' onClick='toggleBox("stack-trace1506324630", this, "Click to show all stack frames", "Click to hide stack frames")'>Click to show all stack frames</a>
<div class='stack-trace' id='stack-trace1506324630'><pre>org.openqa.selenium.NoSuchElementException: no such element: Unable to locate element: {&quot;method&quot;:&quot;xpath&quot;,&quot;selector&quot;:&quot;//a[contains(text(),&apos;Back to training homepage&apos;)]&quot;}
  (Session info: chrome=92.0.4515.131)
For documentation on this error, please visit: https://www.seleniumhq.org/exceptions/no_such_element.html
Build info: version: &apos;3.141.59&apos;, revision: &apos;e82be7d358&apos;, time: &apos;2018-11-14T08:17:03&apos;
System info: host: &apos;DESKTOP-F3C6V38&apos;, ip: &apos;192.168.75.1&apos;, os.name: &apos;Windows 10&apos;, os.arch: &apos;amd64&apos;, os.version: &apos;10.0&apos;, java.version: &apos;1.8.0_241&apos;
Driver info: org.openqa.selenium.chrome.ChromeDriver
Capabilities {acceptInsecureCerts: true, browserName: chrome, browserVersion: 92.0.4515.131, chrome: {chromedriverVersion: 91.0.4472.19 (1bf021f248676..., userDataDir: C:\Windows\TEMP\scoped_dir2...}, goog:chromeOptions: {debuggerAddress: localhost:54794}, javascriptEnabled: true, networkConnectionEnabled: false, pageLoadStrategy: normal, platform: WINDOWS, platformName: WINDOWS, proxy: Proxy(), setWindowRect: true, strictFileInteractability: false, timeouts: {implicit: 0, pageLoad: 300000, script: 30000}, unhandledPromptBehavior: dismiss and notify, webauthn:extension:largeBlob: true, webauthn:virtualAuthenticators: true}
Session ID: 8049ad100fa7f3e921956d85f486ad78
*** Element info: {Using=xpath, value=//a[contains(text(),&apos;Back to training homepage&apos;)]}
	at sun.reflect.NativeConstructorAccessorImpl.newInstance0(Native Method)
	at sun.reflect.NativeConstructorAccessorImpl.newInstance(NativeConstructorAccessorImpl.java:62)
	at sun.reflect.DelegatingConstructorAccessorImpl.newInstance(DelegatingConstructorAccessorImpl.java:45)
	at java.lang.reflect.Constructor.newInstance(Constructor.java:423)
	at org.openqa.selenium.remote.http.W3CHttpResponseCodec.createException(W3CHttpResponseCodec.java:187)
	at org.openqa.selenium.remote.http.W3CHttpResponseCodec.decode(W3CHttpResponseCodec.java:122)
	at org.openqa.selenium.remote.http.W3CHttpResponseCodec.decode(W3CHttpResponseCodec.java:49)
	at org.openqa.selenium.remote.HttpCommandExecutor.execute(HttpCommandExecutor.java:158)
	at org.openqa.selenium.remote.service.DriverCommandExecutor.execute(DriverCommandExecutor.java:83)
	at org.openqa.selenium.remote.RemoteWebDriver.execute(RemoteWebDriver.java:552)
	at org.openqa.selenium.remote.RemoteWebDriver.findElement(RemoteWebDriver.java:323)
	at org.openqa.selenium.remote.RemoteWebDriver.findElementByXPath(RemoteWebDriver.java:428)
	at org.openqa.selenium.By$ByXPath.findElement(By.java:353)
	at org.openqa.selenium.remote.RemoteWebDriver.findElement(RemoteWebDriver.java:315)
	at TrainingModuleRAdmin.IsonLogin(TrainingModuleRAdmin.java:492)
	at sun.reflect.NativeMethodAccessorImpl.invoke0(Native Method)
	at sun.reflect.NativeMethodAccessorImpl.invoke(NativeMethodAccessorImpl.java:62)
	at sun.reflect.DelegatingMethodAccessorImpl.invoke(DelegatingMethodAccessorImpl.java:43)
	at java.lang.reflect.Method.invoke(Method.java:498)
	at org.testng.internal.MethodInvocationHelper.invokeMethod(MethodInvocationHelper.java:124)
	at org.testng.internal.Invoker.invokeMethod(Invoker.java:583)
	at org.testng.internal.Invoker.invokeTestMethod(Invoker.java:719)
	at org.testng.internal.Invoker.invokeTestMethods(Invoker.java:989)
	at org.testng.internal.TestMethodWorker.invokeTestMethods(TestMethodWorker.java:125)
	at org.testng.internal.TestMethodWorker.run(TestMethodWorker.java:109)
	at java.util.concurrent.ThreadPoolExecutor.runWorker(ThreadPoolExecutor.java:1149)
	at java.util.concurrent.ThreadPoolExecutor$Worker.run(ThreadPoolExecutor.java:624)
	at java.lang.Thread.run(Thread.java:748)
</pre></div></td>
<td>1250</td>
<td>TrainingModuleRAdmin@5c6d53be</td></tr>
<tr>
<td title='TrainingModuleSDHead.IsonLogin()'><b>IsonLogin</b><br>Test class: TrainingModuleSDHead</td>
<td><div><pre>org.openqa.selenium.NoSuchElementException: no such element: Unable to locate element: {&quot;method&quot;:&quot;xpath&quot;,&quot;selector&quot;:&quot;//a[contains(text(),&apos;Back to training homepage&apos;)]&quot;}
  (Session info: chrome=92.0.4515.131)
For documentation on this error, please visit: https://www.seleniumhq.org/exceptions/no_such_element.html
Build info: version: &apos;3.141.59&apos;, revision: &apos;e82be7d358&apos;, time: &apos;2018-11-14T08:17:03&apos;
System info: host: &apos;DESKTOP-F3C6V38&apos;, ip: &apos;192.168.75.1&apos;, os.name: &apos;Windows 10&apos;, os.arch: &apos;amd64&apos;, os.version: &apos;10.0&apos;, java.version: &apos;1.8.0_241&apos;
Driver info: org.openqa.selenium.chrome.ChromeDriver
Capabilities {acceptInsecureCerts: true, browserName: chrome, browserVersion: 92.0.4515.131, chrome: {chromedriverVersion: 91.0.4472.19 (1bf021f248676..., userDataDir: C:\Windows\TEMP\scoped_dir1...}, goog:chromeOptions: {debuggerAddress: localhost:55401}, javascriptEnabled: true, networkConnectionEnabled: false, pageLoadStrategy: normal, platform: WINDOWS, platformName: WINDOWS, proxy: Proxy(), setWindowRect: true, strictFileInteractability: false, timeouts: {implicit: 0, pageLoad: 300000, script: 30000}, unhandledPromptBehavior: dismiss and notify, webauthn:extension:largeBlob: true, webauthn:virtualAuthenticators: true}
Session ID: 89967cd1db85c7aa11eb19931a4e761a
*** Element info: {Using=xpath, value=//a[contains(text(),&apos;Back to training homepage&apos;)]}
	at org.openqa.selenium.remote.http.W3CHttpResponseCodec.createException(W3CHttpResponseCodec.java:187)
	at org.openqa.selenium.remote.http.W3CHttpResponseCodec.decode(W3CHttpResponseCodec.java:122)
	at org.openqa.selenium.remote.http.W3CHttpResponseCodec.decode(W3CHttpResponseCodec.java:49)
	at org.openqa.selenium.remote.HttpCommandExecutor.execute(HttpCommandExecutor.java:158)
	at org.openqa.selenium.remote.service.DriverCommandExecutor.execute(DriverCommandExecutor.java:83)
	at org.openqa.selenium.remote.RemoteWebDriver.execute(RemoteWebDriver.java:552)
	at org.openqa.selenium.remote.RemoteWebDriver.findElement(RemoteWebDriver.java:323)
	at org.openqa.selenium.remote.RemoteWebDriver.findElementByXPath(RemoteWebDriver.java:428)
	at org.openqa.selenium.By$ByXPath.findElement(By.java:353)
	at org.openqa.selenium.remote.RemoteWebDriver.findElement(RemoteWebDriver.java:315)
	at TrainingModuleSDHead.IsonLogin(TrainingModuleSDHead.java:489)
	at java.util.concurrent.ThreadPoolExecutor.runWorker(ThreadPoolExecutor.java:1149)
	at java.util.concurrent.ThreadPoolExecutor$Worker.run(ThreadPoolExecutor.java:624)
	at java.lang.Thread.run(Thread.java:748)
... Removed 14 stack frames</pre></div><a href='#' onClick='toggleBox("stack-trace733929929", this, "Click to show all stack frames", "Click to hide stack frames")'>Click to show all stack frames</a>
<div class='stack-trace' id='stack-trace733929929'><pre>org.openqa.selenium.NoSuchElementException: no such element: Unable to locate element: {&quot;method&quot;:&quot;xpath&quot;,&quot;selector&quot;:&quot;//a[contains(text(),&apos;Back to training homepage&apos;)]&quot;}
  (Session info: chrome=92.0.4515.131)
For documentation on this error, please visit: https://www.seleniumhq.org/exceptions/no_such_element.html
Build info: version: &apos;3.141.59&apos;, revision: &apos;e82be7d358&apos;, time: &apos;2018-11-14T08:17:03&apos;
System info: host: &apos;DESKTOP-F3C6V38&apos;, ip: &apos;192.168.75.1&apos;, os.name: &apos;Windows 10&apos;, os.arch: &apos;amd64&apos;, os.version: &apos;10.0&apos;, java.version: &apos;1.8.0_241&apos;
Driver info: org.openqa.selenium.chrome.ChromeDriver
Capabilities {acceptInsecureCerts: true, browserName: chrome, browserVersion: 92.0.4515.131, chrome: {chromedriverVersion: 91.0.4472.19 (1bf021f248676..., userDataDir: C:\Windows\TEMP\scoped_dir1...}, goog:chromeOptions: {debuggerAddress: localhost:55401}, javascriptEnabled: true, networkConnectionEnabled: false, pageLoadStrategy: normal, platform: WINDOWS, platformName: WINDOWS, proxy: Proxy(), setWindowRect: true, strictFileInteractability: false, timeouts: {implicit: 0, pageLoad: 300000, script: 30000}, unhandledPromptBehavior: dismiss and notify, webauthn:extension:largeBlob: true, webauthn:virtualAuthenticators: true}
Session ID: 89967cd1db85c7aa11eb19931a4e761a
*** Element info: {Using=xpath, value=//a[contains(text(),&apos;Back to training homepage&apos;)]}
	at sun.reflect.NativeConstructorAccessorImpl.newInstance0(Native Method)
	at sun.reflect.NativeConstructorAccessorImpl.newInstance(NativeConstructorAccessorImpl.java:62)
	at sun.reflect.DelegatingConstructorAccessorImpl.newInstance(DelegatingConstructorAccessorImpl.java:45)
	at java.lang.reflect.Constructor.newInstance(Constructor.java:423)
	at org.openqa.selenium.remote.http.W3CHttpResponseCodec.createException(W3CHttpResponseCodec.java:187)
	at org.openqa.selenium.remote.http.W3CHttpResponseCodec.decode(W3CHttpResponseCodec.java:122)
	at org.openqa.selenium.remote.http.W3CHttpResponseCodec.decode(W3CHttpResponseCodec.java:49)
	at org.openqa.selenium.remote.HttpCommandExecutor.execute(HttpCommandExecutor.java:158)
	at org.openqa.selenium.remote.service.DriverCommandExecutor.execute(DriverCommandExecutor.java:83)
	at org.openqa.selenium.remote.RemoteWebDriver.execute(RemoteWebDriver.java:552)
	at org.openqa.selenium.remote.RemoteWebDriver.findElement(RemoteWebDriver.java:323)
	at org.openqa.selenium.remote.RemoteWebDriver.findElementByXPath(RemoteWebDriver.java:428)
	at org.openqa.selenium.By$ByXPath.findElement(By.java:353)
	at org.openqa.selenium.remote.RemoteWebDriver.findElement(RemoteWebDriver.java:315)
	at TrainingModuleSDHead.IsonLogin(TrainingModuleSDHead.java:489)
	at sun.reflect.NativeMethodAccessorImpl.invoke0(Native Method)
	at sun.reflect.NativeMethodAccessorImpl.invoke(NativeMethodAccessorImpl.java:62)
	at sun.reflect.DelegatingMethodAccessorImpl.invoke(DelegatingMethodAccessorImpl.java:43)
	at java.lang.reflect.Method.invoke(Method.java:498)
	at org.testng.internal.MethodInvocationHelper.invokeMethod(MethodInvocationHelper.java:124)
	at org.testng.internal.Invoker.invokeMethod(Invoker.java:583)
	at org.testng.internal.Invoker.invokeTestMethod(Invoker.java:719)
	at org.testng.internal.Invoker.invokeTestMethods(Invoker.java:989)
	at org.testng.internal.TestMethodWorker.invokeTestMethods(TestMethodWorker.java:125)
	at org.testng.internal.TestMethodWorker.run(TestMethodWorker.java:109)
	at java.util.concurrent.ThreadPoolExecutor.runWorker(ThreadPoolExecutor.java:1149)
	at java.util.concurrent.ThreadPoolExecutor$Worker.run(ThreadPoolExecutor.java:624)
	at java.lang.Thread.run(Thread.java:748)
</pre></div></td>
<td>1234</td>
<td>TrainingModuleSDHead@42475991</td></tr>
<tr>
<td title='TrainingModuleTrainer.IsonLogin()'><b>IsonLogin</b><br>Test class: TrainingModuleTrainer</td>
<td><div><pre>org.openqa.selenium.NoSuchElementException: no such element: Unable to locate element: {&quot;method&quot;:&quot;xpath&quot;,&quot;selector&quot;:&quot;//a[contains(text(),&apos;Back to training homepage&apos;)]&quot;}
  (Session info: chrome=92.0.4515.131)
For documentation on this error, please visit: https://www.seleniumhq.org/exceptions/no_such_element.html
Build info: version: &apos;3.141.59&apos;, revision: &apos;e82be7d358&apos;, time: &apos;2018-11-14T08:17:03&apos;
System info: host: &apos;DESKTOP-F3C6V38&apos;, ip: &apos;192.168.75.1&apos;, os.name: &apos;Windows 10&apos;, os.arch: &apos;amd64&apos;, os.version: &apos;10.0&apos;, java.version: &apos;1.8.0_241&apos;
Driver info: org.openqa.selenium.chrome.ChromeDriver
Capabilities {acceptInsecureCerts: true, browserName: chrome, browserVersion: 92.0.4515.131, chrome: {chromedriverVersion: 91.0.4472.19 (1bf021f248676..., userDataDir: C:\Windows\TEMP\scoped_dir1...}, goog:chromeOptions: {debuggerAddress: localhost:65147}, javascriptEnabled: true, networkConnectionEnabled: false, pageLoadStrategy: normal, platform: WINDOWS, platformName: WINDOWS, proxy: Proxy(), setWindowRect: true, strictFileInteractability: false, timeouts: {implicit: 0, pageLoad: 300000, script: 30000}, unhandledPromptBehavior: dismiss and notify, webauthn:extension:largeBlob: true, webauthn:virtualAuthenticators: true}
Session ID: 25f8dd506a560c5913abb569aa9b7e4e
*** Element info: {Using=xpath, value=//a[contains(text(),&apos;Back to training homepage&apos;)]}
	at org.openqa.selenium.remote.http.W3CHttpResponseCodec.createException(W3CHttpResponseCodec.java:187)
	at org.openqa.selenium.remote.http.W3CHttpResponseCodec.decode(W3CHttpResponseCodec.java:122)
	at org.openqa.selenium.remote.http.W3CHttpResponseCodec.decode(W3CHttpResponseCodec.java:49)
	at org.openqa.selenium.remote.HttpCommandExecutor.execute(HttpCommandExecutor.java:158)
	at org.openqa.selenium.remote.service.DriverCommandExecutor.execute(DriverCommandExecutor.java:83)
	at org.openqa.selenium.remote.RemoteWebDriver.execute(RemoteWebDriver.java:552)
	at org.openqa.selenium.remote.RemoteWebDriver.findElement(RemoteWebDriver.java:323)
	at org.openqa.selenium.remote.RemoteWebDriver.findElementByXPath(RemoteWebDriver.java:428)
	at org.openqa.selenium.By$ByXPath.findElement(By.java:353)
	at org.openqa.selenium.remote.RemoteWebDriver.findElement(RemoteWebDriver.java:315)
	at TrainingModuleTrainer.IsonLogin(TrainingModuleTrainer.java:509)
	at java.util.concurrent.ThreadPoolExecutor.runWorker(ThreadPoolExecutor.java:1149)
	at java.util.concurrent.ThreadPoolExecutor$Worker.run(ThreadPoolExecutor.java:624)
	at java.lang.Thread.run(Thread.java:748)
... Removed 14 stack frames</pre></div><a href='#' onClick='toggleBox("stack-trace2010469859", this, "Click to show all stack frames", "Click to hide stack frames")'>Click to show all stack frames</a>
<div class='stack-trace' id='stack-trace2010469859'><pre>org.openqa.selenium.NoSuchElementException: no such element: Unable to locate element: {&quot;method&quot;:&quot;xpath&quot;,&quot;selector&quot;:&quot;//a[contains(text(),&apos;Back to training homepage&apos;)]&quot;}
  (Session info: chrome=92.0.4515.131)
For documentation on this error, please visit: https://www.seleniumhq.org/exceptions/no_such_element.html
Build info: version: &apos;3.141.59&apos;, revision: &apos;e82be7d358&apos;, time: &apos;2018-11-14T08:17:03&apos;
System info: host: &apos;DESKTOP-F3C6V38&apos;, ip: &apos;192.168.75.1&apos;, os.name: &apos;Windows 10&apos;, os.arch: &apos;amd64&apos;, os.version: &apos;10.0&apos;, java.version: &apos;1.8.0_241&apos;
Driver info: org.openqa.selenium.chrome.ChromeDriver
Capabilities {acceptInsecureCerts: true, browserName: chrome, browserVersion: 92.0.4515.131, chrome: {chromedriverVersion: 91.0.4472.19 (1bf021f248676..., userDataDir: C:\Windows\TEMP\scoped_dir1...}, goog:chromeOptions: {debuggerAddress: localhost:65147}, javascriptEnabled: true, networkConnectionEnabled: false, pageLoadStrategy: normal, platform: WINDOWS, platformName: WINDOWS, proxy: Proxy(), setWindowRect: true, strictFileInteractability: false, timeouts: {implicit: 0, pageLoad: 300000, script: 30000}, unhandledPromptBehavior: dismiss and notify, webauthn:extension:largeBlob: true, webauthn:virtualAuthenticators: true}
Session ID: 25f8dd506a560c5913abb569aa9b7e4e
*** Element info: {Using=xpath, value=//a[contains(text(),&apos;Back to training homepage&apos;)]}
	at sun.reflect.NativeConstructorAccessorImpl.newInstance0(Native Method)
	at sun.reflect.NativeConstructorAccessorImpl.newInstance(NativeConstructorAccessorImpl.java:62)
	at sun.reflect.DelegatingConstructorAccessorImpl.newInstance(DelegatingConstructorAccessorImpl.java:45)
	at java.lang.reflect.Constructor.newInstance(Constructor.java:423)
	at org.openqa.selenium.remote.http.W3CHttpResponseCodec.createException(W3CHttpResponseCodec.java:187)
	at org.openqa.selenium.remote.http.W3CHttpResponseCodec.decode(W3CHttpResponseCodec.java:122)
	at org.openqa.selenium.remote.http.W3CHttpResponseCodec.decode(W3CHttpResponseCodec.java:49)
	at org.openqa.selenium.remote.HttpCommandExecutor.execute(HttpCommandExecutor.java:158)
	at org.openqa.selenium.remote.service.DriverCommandExecutor.execute(DriverCommandExecutor.java:83)
	at org.openqa.selenium.remote.RemoteWebDriver.execute(RemoteWebDriver.java:552)
	at org.openqa.selenium.remote.RemoteWebDriver.findElement(RemoteWebDriver.java:323)
	at org.openqa.selenium.remote.RemoteWebDriver.findElementByXPath(RemoteWebDriver.java:428)
	at org.openqa.selenium.By$ByXPath.findElement(By.java:353)
	at org.openqa.selenium.remote.RemoteWebDriver.findElement(RemoteWebDriver.java:315)
	at TrainingModuleTrainer.IsonLogin(TrainingModuleTrainer.java:509)
	at sun.reflect.NativeMethodAccessorImpl.invoke0(Native Method)
	at sun.reflect.NativeMethodAccessorImpl.invoke(NativeMethodAccessorImpl.java:62)
	at sun.reflect.DelegatingMethodAccessorImpl.invoke(DelegatingMethodAccessorImpl.java:43)
	at java.lang.reflect.Method.invoke(Method.java:498)
	at org.testng.internal.MethodInvocationHelper.invokeMethod(MethodInvocationHelper.java:124)
	at org.testng.internal.Invoker.invokeMethod(Invoker.java:583)
	at org.testng.internal.Invoker.invokeTestMethod(Invoker.java:719)
	at org.testng.internal.Invoker.invokeTestMethods(Invoker.java:989)
	at org.testng.internal.TestMethodWorker.invokeTestMethods(TestMethodWorker.java:125)
	at org.testng.internal.TestMethodWorker.run(TestMethodWorker.java:109)
	at java.util.concurrent.ThreadPoolExecutor.runWorker(ThreadPoolExecutor.java:1149)
	at java.util.concurrent.ThreadPoolExecutor$Worker.run(ThreadPoolExecutor.java:624)
	at java.lang.Thread.run(Thread.java:748)
</pre></div></td>
<td>1495</td>
<td>TrainingModuleTrainer@46184710</td></tr>
<tr>
<td title='AssessmentModule.testAssessment()'><b>testAssessment</b><br>Test class: AssessmentModule</td>
<td><div><pre>org.openqa.selenium.NoSuchElementException: no such element: Unable to locate element: {&quot;method&quot;:&quot;xpath&quot;,&quot;selector&quot;:&quot;(//div[@class=&apos;h5p-true-false-answer&apos;])[1]&quot;}
  (Session info: chrome=92.0.4515.131)
For documentation on this error, please visit: https://www.seleniumhq.org/exceptions/no_such_element.html
Build info: version: &apos;3.141.59&apos;, revision: &apos;e82be7d358&apos;, time: &apos;2018-11-14T08:17:03&apos;
System info: host: &apos;DESKTOP-F3C6V38&apos;, ip: &apos;192.168.75.1&apos;, os.name: &apos;Windows 10&apos;, os.arch: &apos;amd64&apos;, os.version: &apos;10.0&apos;, java.version: &apos;1.8.0_241&apos;
Driver info: org.openqa.selenium.chrome.ChromeDriver
Capabilities {acceptInsecureCerts: true, browserName: chrome, browserVersion: 92.0.4515.131, chrome: {chromedriverVersion: 91.0.4472.19 (1bf021f248676..., userDataDir: C:\Windows\TEMP\scoped_dir2...}, goog:chromeOptions: {debuggerAddress: localhost:61256}, javascriptEnabled: true, networkConnectionEnabled: false, pageLoadStrategy: normal, platform: WINDOWS, platformName: WINDOWS, proxy: Proxy(), setWindowRect: true, strictFileInteractability: false, timeouts: {implicit: 0, pageLoad: 300000, script: 30000}, unhandledPromptBehavior: dismiss and notify, webauthn:extension:largeBlob: true, webauthn:virtualAuthenticators: true}
Session ID: c908d7181151632d4baba3da074a9a3e
*** Element info: {Using=xpath, value=(//div[@class=&apos;h5p-true-false-answer&apos;])[1]}
	at org.openqa.selenium.remote.http.W3CHttpResponseCodec.createException(W3CHttpResponseCodec.java:187)
	at org.openqa.selenium.remote.http.W3CHttpResponseCodec.decode(W3CHttpResponseCodec.java:122)
	at org.openqa.selenium.remote.http.W3CHttpResponseCodec.decode(W3CHttpResponseCodec.java:49)
	at org.openqa.selenium.remote.HttpCommandExecutor.execute(HttpCommandExecutor.java:158)
	at org.openqa.selenium.remote.service.DriverCommandExecutor.execute(DriverCommandExecutor.java:83)
	at org.openqa.selenium.remote.RemoteWebDriver.execute(RemoteWebDriver.java:552)
	at org.openqa.selenium.remote.RemoteWebDriver.findElement(RemoteWebDriver.java:323)
	at org.openqa.selenium.remote.RemoteWebDriver.findElementByXPath(RemoteWebDriver.java:428)
	at org.openqa.selenium.By$ByXPath.findElement(By.java:353)
	at org.openqa.selenium.remote.RemoteWebDriver.findElement(RemoteWebDriver.java:315)
	at AssessmentModule.testAssessment(AssessmentModule.java:346)
	at java.util.concurrent.ThreadPoolExecutor.runWorker(ThreadPoolExecutor.java:1149)
	at java.util.concurrent.ThreadPoolExecutor$Worker.run(ThreadPoolExecutor.java:624)
	at java.lang.Thread.run(Thread.java:748)
... Removed 14 stack frames</pre></div><a href='#' onClick='toggleBox("stack-trace681045689", this, "Click to show all stack frames", "Click to hide stack frames")'>Click to show all stack frames</a>
<div class='stack-trace' id='stack-trace681045689'><pre>org.openqa.selenium.NoSuchElementException: no such element: Unable to locate element: {&quot;method&quot;:&quot;xpath&quot;,&quot;selector&quot;:&quot;(//div[@class=&apos;h5p-true-false-answer&apos;])[1]&quot;}
  (Session info: chrome=92.0.4515.131)
For documentation on this error, please visit: https://www.seleniumhq.org/exceptions/no_such_element.html
Build info: version: &apos;3.141.59&apos;, revision: &apos;e82be7d358&apos;, time: &apos;2018-11-14T08:17:03&apos;
System info: host: &apos;DESKTOP-F3C6V38&apos;, ip: &apos;192.168.75.1&apos;, os.name: &apos;Windows 10&apos;, os.arch: &apos;amd64&apos;, os.version: &apos;10.0&apos;, java.version: &apos;1.8.0_241&apos;
Driver info: org.openqa.selenium.chrome.ChromeDriver
Capabilities {acceptInsecureCerts: true, browserName: chrome, browserVersion: 92.0.4515.131, chrome: {chromedriverVersion: 91.0.4472.19 (1bf021f248676..., userDataDir: C:\Windows\TEMP\scoped_dir2...}, goog:chromeOptions: {debuggerAddress: localhost:61256}, javascriptEnabled: true, networkConnectionEnabled: false, pageLoadStrategy: normal, platform: WINDOWS, platformName: WINDOWS, proxy: Proxy(), setWindowRect: true, strictFileInteractability: false, timeouts: {implicit: 0, pageLoad: 300000, script: 30000}, unhandledPromptBehavior: dismiss and notify, webauthn:extension:largeBlob: true, webauthn:virtualAuthenticators: true}
Session ID: c908d7181151632d4baba3da074a9a3e
*** Element info: {Using=xpath, value=(//div[@class=&apos;h5p-true-false-answer&apos;])[1]}
	at sun.reflect.NativeConstructorAccessorImpl.newInstance0(Native Method)
	at sun.reflect.NativeConstructorAccessorImpl.newInstance(NativeConstructorAccessorImpl.java:62)
	at sun.reflect.DelegatingConstructorAccessorImpl.newInstance(DelegatingConstructorAccessorImpl.java:45)
	at java.lang.reflect.Constructor.newInstance(Constructor.java:423)
	at org.openqa.selenium.remote.http.W3CHttpResponseCodec.createException(W3CHttpResponseCodec.java:187)
	at org.openqa.selenium.remote.http.W3CHttpResponseCodec.decode(W3CHttpResponseCodec.java:122)
	at org.openqa.selenium.remote.http.W3CHttpResponseCodec.decode(W3CHttpResponseCodec.java:49)
	at org.openqa.selenium.remote.HttpCommandExecutor.execute(HttpCommandExecutor.java:158)
	at org.openqa.selenium.remote.service.DriverCommandExecutor.execute(DriverCommandExecutor.java:83)
	at org.openqa.selenium.remote.RemoteWebDriver.execute(RemoteWebDriver.java:552)
	at org.openqa.selenium.remote.RemoteWebDriver.findElement(RemoteWebDriver.java:323)
	at org.openqa.selenium.remote.RemoteWebDriver.findElementByXPath(RemoteWebDriver.java:428)
	at org.openqa.selenium.By$ByXPath.findElement(By.java:353)
	at org.openqa.selenium.remote.RemoteWebDriver.findElement(RemoteWebDriver.java:315)
	at AssessmentModule.testAssessment(AssessmentModule.java:346)
	at sun.reflect.NativeMethodAccessorImpl.invoke0(Native Method)
	at sun.reflect.NativeMethodAccessorImpl.invoke(NativeMethodAccessorImpl.java:62)
	at sun.reflect.DelegatingMethodAccessorImpl.invoke(DelegatingMethodAccessorImpl.java:43)
	at java.lang.reflect.Method.invoke(Method.java:498)
	at org.testng.internal.MethodInvocationHelper.invokeMethod(MethodInvocationHelper.java:124)
	at org.testng.internal.Invoker.invokeMethod(Invoker.java:583)
	at org.testng.internal.Invoker.invokeTestMethod(Invoker.java:719)
	at org.testng.internal.Invoker.invokeTestMethods(Invoker.java:989)
	at org.testng.internal.TestMethodWorker.invokeTestMethods(TestMethodWorker.java:125)
	at org.testng.internal.TestMethodWorker.run(TestMethodWorker.java:109)
	at java.util.concurrent.ThreadPoolExecutor.runWorker(ThreadPoolExecutor.java:1149)
	at java.util.concurrent.ThreadPoolExecutor$Worker.run(ThreadPoolExecutor.java:624)
	at java.lang.Thread.run(Thread.java:748)
</pre></div></td>
<td>812</td>
<td>AssessmentModule@3c07833a</td></tr>
</table><p>
<table width='100%' border='1' class='invocation-passed'>
<tr><td colspan='4' align='center'><b>PASSED TESTS</b></td></tr>
<tr><td><b>Test method</b></td>
<td width="30%"><b>Exception</b></td>
<td width="10%"><b>Time (seconds)</b></td>
<td><b>Instance</b></td>
</tr>
<tr>
<td title='TestClassRoomTrainingTrainer.ClassTraining()'><b>ClassTraining</b><br>Test class: TestClassRoomTrainingTrainer</td>
<td></td>
<td>876</td>
<td>TestClassRoomTrainingTrainer@59f2b1a3</td></tr>
<tr>
<td title='EditTrainingTrainer.SignIn()'><b>SignIn</b><br>Test class: EditTrainingTrainer</td>
<td></td>
<td>217</td>
<td>EditTrainingTrainer@27b27186</td></tr>
<tr>
<td title='CopyTraining.SignIn()'><b>SignIn</b><br>Test class: CopyTraining</td>
<td></td>
<td>704</td>
<td>CopyTraining@54af6453</td></tr>
<tr>
<td title='EditTraining.SignIn()'><b>SignIn</b><br>Test class: EditTraining</td>
<td></td>
<td>198</td>
<td>EditTraining@14d1d8a5</td></tr>
<tr>
<td title='CopyTrainingRAdmin.SignIn()'><b>SignIn</b><br>Test class: CopyTrainingRAdmin</td>
<td></td>
<td>578</td>
<td>CopyTrainingRAdmin@2ff2feb</td></tr>
<tr>
<td title='EditTrainingRAdmin.SignIn()'><b>SignIn</b><br>Test class: EditTrainingRAdmin</td>
<td></td>
<td>209</td>
<td>EditTrainingRAdmin@654c7f0b</td></tr>
<tr>
<td title='CopyTrainingSDHead.SignIn()'><b>SignIn</b><br>Test class: CopyTrainingSDHead</td>
<td></td>
<td>569</td>
<td>CopyTrainingSDHead@32fe699f</td></tr>
<tr>
<td title='EditTrainingSDHead.SignIn()'><b>SignIn</b><br>Test class: EditTrainingSDHead</td>
<td></td>
<td>207</td>
<td>EditTrainingSDHead@5cbed2a9</td></tr>
<tr>
<td title='AdminSettings.testAdminSettingSGA()'><b>testAdminSettingSGA</b><br>Test class: AdminSettings</td>
<td></td>
<td>103</td>
<td>AdminSettings@762a46ff</td></tr>
<tr>
<td title='AssessmentModuleSDHead.testAssessment()'><b>testAssessment</b><br>Test class: AssessmentModuleSDHead</td>
<td></td>
<td>1002</td>
<td>AssessmentModuleSDHead@1b6cece7</td></tr>
<tr>
<td title='AssessmentModuleTrainer.testAssessment()'><b>testAssessment</b><br>Test class: AssessmentModuleTrainer</td>
<td></td>
<td>719</td>
<td>AssessmentModuleTrainer@66ea9ba5</td></tr>
<tr>
<td title='CopyAssessment.testCopyAssessment()'><b>testCopyAssessment</b><br>Test class: CopyAssessment</td>
<td></td>
<td>167</td>
<td>CopyAssessment@a34a00</td></tr>
<tr>
<td title='EditPoll.testEditPoll()'><b>testEditPoll</b><br>Test class: EditPoll</td>
<td></td>
<td>204</td>
<td>EditPoll@58825cbc</td></tr>
<tr>
<td title='SdTeam.testEditUser()'><b>testEditUser</b><br>Test class: SdTeam</td>
<td></td>
<td>39</td>
<td>SdTeam@7b07628d</td></tr>
<tr>
<td title='EmailNotification.testEditUser()'><b>testEditUser</b><br>Test class: EmailNotification</td>
<td></td>
<td>197</td>
<td>EmailNotification@40704b89</td></tr>
<tr>
<td title='managePollSurvey.testManagePollSurvey()'><b>testManagePollSurvey</b><br>Test class: managePollSurvey</td>
<td></td>
<td>1290</td>
<td>managePollSurvey@2eeb5d72</td></tr>
<tr>
<td title='globalInsightsDashboard.testglobalInsightsDashboard()'><b>testglobalInsightsDashboard</b><br>Test class: globalInsightsDashboard</td>
<td></td>
<td>244</td>
<td>globalInsightsDashboard@108d1f34</td></tr>
<tr>
<td title='lmsActiveUsersDashboard.testlmsActiveUsersDashboard()'><b>testlmsActiveUsersDashboard</b><br>Test class: lmsActiveUsersDashboard</td>
<td></td>
<td>267</td>
<td>lmsActiveUsersDashboard@20dba379</td></tr>
<tr>
<td title='lmsActiveUsersDashboardGuestOne.testlmsActiveUsersDashboard()'><b>testlmsActiveUsersDashboard</b><br>Test class: lmsActiveUsersDashboardGuestOne</td>
<td></td>
<td>278</td>
<td>lmsActiveUsersDashboardGuestOne@7fc294a6</td></tr>
<tr>
<td title='lmsActiveUsersDashboardSDHead.testlmsActiveUsersDashboard()'><b>testlmsActiveUsersDashboard</b><br>Test class: lmsActiveUsersDashboardSDHead</td>
<td></td>
<td>268</td>
<td>lmsActiveUsersDashboardSDHead@2209527e</td></tr>
<tr>
<td title='lmsActiveUsersDashboardTrainer.testlmsActiveUsersDashboard()'><b>testlmsActiveUsersDashboard</b><br>Test class: lmsActiveUsersDashboardTrainer</td>
<td></td>
<td>268</td>
<td>lmsActiveUsersDashboardTrainer@34ccecec</td></tr>
<tr>
<td title='lmsActiveUsersDashboardRAdmin.testlmsActiveUsersDashboard()'><b>testlmsActiveUsersDashboard</b><br>Test class: lmsActiveUsersDashboardRAdmin</td>
<td></td>
<td>267</td>
<td>lmsActiveUsersDashboardRAdmin@2861364</td></tr>
<tr>
<td title='lmsActiveUsersDashboardClient.testlmsActiveUsersDashboard()'><b>testlmsActiveUsersDashboard</b><br>Test class: lmsActiveUsersDashboardClient</td>
<td></td>
<td>268</td>
<td>lmsActiveUsersDashboardClient@2887b207</td></tr>
<tr>
<td title='lmsActiveUsersDashboardSiteHead.testlmsActiveUsersDashboard()'><b>testlmsActiveUsersDashboard</b><br>Test class: lmsActiveUsersDashboardSiteHead</td>
<td></td>
<td>269</td>
<td>lmsActiveUsersDashboardSiteHead@500b6c9c</td></tr>
<tr>
<td title='lmsQuickAccessDashboardRAdmin.testlmsQuickAccessDashboard()'><b>testlmsQuickAccessDashboard</b><br>Test class: lmsQuickAccessDashboardRAdmin</td>
<td></td>
<td>53</td>
<td>lmsQuickAccessDashboardRAdmin@dca4728</td></tr>
<tr>
<td title='lmsQuickAccessDashboard.testlmsQuickAccessDashboard()'><b>testlmsQuickAccessDashboard</b><br>Test class: lmsQuickAccessDashboard</td>
<td></td>
<td>58</td>
<td>lmsQuickAccessDashboard@3b0c058c</td></tr>
<tr>
<td title='lmsQuickAccessDashboardClient.testlmsQuickAccessDashboard()'><b>testlmsQuickAccessDashboard</b><br>Test class: lmsQuickAccessDashboardClient</td>
<td></td>
<td>56</td>
<td>lmsQuickAccessDashboardClient@b34e7fc</td></tr>
<tr>
<td title='lmsQuickAccessDashboardGuestOne.testlmsQuickAccessDashboard()'><b>testlmsQuickAccessDashboard</b><br>Test class: lmsQuickAccessDashboardGuestOne</td>
<td></td>
<td>52</td>
<td>lmsQuickAccessDashboardGuestOne@4690f3b2</td></tr>
<tr>
<td title='lmsQuickAccessDashboardSDHead.testlmsQuickAccessDashboard()'><b>testlmsQuickAccessDashboard</b><br>Test class: lmsQuickAccessDashboardSDHead</td>
<td></td>
<td>73</td>
<td>lmsQuickAccessDashboardSDHead@19bc0f4f</td></tr>
<tr>
<td title='lmsQuickAccessDashboardSiteHead.testlmsQuickAccessDashboard()'><b>testlmsQuickAccessDashboard</b><br>Test class: lmsQuickAccessDashboardSiteHead</td>
<td></td>
<td>56</td>
<td>lmsQuickAccessDashboardSiteHead@6e605d22</td></tr>
<tr>
<td title='lmsQuickAccessDashboardTrainee.testlmsQuickAccessDashboard()'><b>testlmsQuickAccessDashboard</b><br>Test class: lmsQuickAccessDashboardTrainee</td>
<td></td>
<td>55</td>
<td>lmsQuickAccessDashboardTrainee@2fac3e3f</td></tr>
<tr>
<td title='lmsQuickAccessDashboardTrainer.testlmsQuickAccessDashboard()'><b>testlmsQuickAccessDashboard</b><br>Test class: lmsQuickAccessDashboardTrainer</td>
<td></td>
<td>53</td>
<td>lmsQuickAccessDashboardTrainer@241ae955</td></tr>
<tr>
<td title='myCalendarDashboardClient.testmyCalendarDashboard()'><b>testmyCalendarDashboard</b><br>Test class: myCalendarDashboardClient</td>
<td></td>
<td>264</td>
<td>myCalendarDashboardClient@9160474</td></tr>
<tr>
<td title='myCalendarDashboard.testmyCalendarDashboard()'><b>testmyCalendarDashboard</b><br>Test class: myCalendarDashboard</td>
<td></td>
<td>268</td>
<td>myCalendarDashboard@2d5d4bef</td></tr>
<tr>
<td title='myCalendarDashboardGuestOne.testmyCalendarDashboard()'><b>testmyCalendarDashboard</b><br>Test class: myCalendarDashboardGuestOne</td>
<td></td>
<td>265</td>
<td>myCalendarDashboardGuestOne@70241fc0</td></tr>
<tr>
<td title='myCalendarDashboardSDHead.testmyCalendarDashboard()'><b>testmyCalendarDashboard</b><br>Test class: myCalendarDashboardSDHead</td>
<td></td>
<td>264</td>
<td>myCalendarDashboardSDHead@428b3f93</td></tr>
<tr>
<td title='myCalendarDashboardSiteHead.testmyCalendarDashboard()'><b>testmyCalendarDashboard</b><br>Test class: myCalendarDashboardSiteHead</td>
<td></td>
<td>264</td>
<td>myCalendarDashboardSiteHead@5709ba4f</td></tr>
<tr>
<td title='myCalendarDashboardTrainer.testmyCalendarDashboard()'><b>testmyCalendarDashboard</b><br>Test class: myCalendarDashboardTrainer</td>
<td></td>
<td>264</td>
<td>myCalendarDashboardTrainer@ce79dec</td></tr>
<tr>
<td title='myCalendarDashboardRAdmin.testmyCalendarDashboard()'><b>testmyCalendarDashboard</b><br>Test class: myCalendarDashboardRAdmin</td>
<td></td>
<td>268</td>
<td>myCalendarDashboardRAdmin@170b4c44</td></tr>
<tr>
<td title='onlineTrainingsDashboardTrainer.testonlineTrainingsDashboard()'><b>testonlineTrainingsDashboard</b><br>Test class: onlineTrainingsDashboardTrainer</td>
<td></td>
<td>265</td>
<td>onlineTrainingsDashboardTrainer@56139af2</td></tr>
<tr>
<td title='onlineTrainingsDashboardSDHead.testonlineTrainingsDashboard()'><b>testonlineTrainingsDashboard</b><br>Test class: onlineTrainingsDashboardSDHead</td>
<td></td>
<td>261</td>
<td>onlineTrainingsDashboardSDHead@2ee0da70</td></tr>
<tr>
<td title='onlineTrainingsDashboardRAdmin.testonlineTrainingsDashboard()'><b>testonlineTrainingsDashboard</b><br>Test class: onlineTrainingsDashboardRAdmin</td>
<td></td>
<td>259</td>
<td>onlineTrainingsDashboardRAdmin@42050bc3</td></tr>
<tr>
<td title='onlineTrainingsDashboardSiteHead.testonlineTrainingsDashboard()'><b>testonlineTrainingsDashboard</b><br>Test class: onlineTrainingsDashboardSiteHead</td>
<td></td>
<td>261</td>
<td>onlineTrainingsDashboardSiteHead@c96887a</td></tr>
<tr>
<td title='onlineTrainingsDashboardClient.testonlineTrainingsDashboard()'><b>testonlineTrainingsDashboard</b><br>Test class: onlineTrainingsDashboardClient</td>
<td></td>
<td>269</td>
<td>onlineTrainingsDashboardClient@6e8326f9</td></tr>
<tr>
<td title='onlineTrainingsDashboard.testonlineTrainingsDashboard()'><b>testonlineTrainingsDashboard</b><br>Test class: onlineTrainingsDashboard</td>
<td></td>
<td>261</td>
<td>onlineTrainingsDashboard@2484b0bf</td></tr>
<tr>
<td title='onlineTrainingsDashboardGuestOne.testonlineTrainingsDashboard()'><b>testonlineTrainingsDashboard</b><br>Test class: onlineTrainingsDashboardGuestOne</td>
<td></td>
<td>258</td>
<td>onlineTrainingsDashboardGuestOne@7c032e32</td></tr>
<tr>
<td title='trainingOverviewDashboard.testtrainingOverviewDashboard()'><b>testtrainingOverviewDashboard</b><br>Test class: trainingOverviewDashboard</td>
<td></td>
<td>265</td>
<td>trainingOverviewDashboard@43273f9</td></tr>
<tr>
<td title='trainingOverviewDashboardRAdmin.testtrainingOverviewDashboard()'><b>testtrainingOverviewDashboard</b><br>Test class: trainingOverviewDashboardRAdmin</td>
<td></td>
<td>52</td>
<td>trainingOverviewDashboardRAdmin@3c5ffe5d</td></tr>
<tr>
<td title='trainingOverviewDashboardSDHead.testtrainingOverviewDashboard()'><b>testtrainingOverviewDashboard</b><br>Test class: trainingOverviewDashboardSDHead</td>
<td></td>
<td>51</td>
<td>trainingOverviewDashboardSDHead@38fb0e01</td></tr>
<tr>
<td title='trainingOverviewDashboardTrainer.testtrainingOverviewDashboard()'><b>testtrainingOverviewDashboard</b><br>Test class: trainingOverviewDashboardTrainer</td>
<td></td>
<td>33</td>
<td>trainingOverviewDashboardTrainer@4fb85309</td></tr>
</table><p>
</body>
</html>