<?xml version="1.0" encoding="UTF-8"?>
<!-- Generated by org.testng.reporters.JUnitXMLReporter -->
<testsuite hostname="DESKTOP-F3C6V38" ignored="0" tests="9" failures="1" timestamp="02 Feb 2021 19:26:14 GMT" time="1273.66" errors="0">
  <testcase name="testManagePassword" time="142.221" classname="SearchUserGuestOne">
    <failure type="org.openqa.selenium.ElementClickInterceptedException" message="element click intercepted: Element &amp;lt;input class=&amp;quot;search-members-button button js-form-submit form-submit form-control&amp;quot; data-drupal-selector=&amp;quot;edit-search&amp;quot; type=&amp;quot;submit&amp;quot; id=&amp;quot;edit-search&amp;quot; name=&amp;quot;op&amp;quot; value=&amp;quot;Search&amp;quot;&amp;gt; is not clickable at point (929, 381). Other element would receive the click: &amp;lt;input class=&amp;quot;btn btn-warning reset-button-custom button js-form-submit form-submit btn btn-success&amp;quot; data-drupal-selector=&amp;quot;edit-reset&amp;quot; type=&amp;quot;submit&amp;quot; id=&amp;quot;edit-reset&amp;quot; name=&amp;quot;op&amp;quot; value=&amp;quot;Reset&amp;quot;&amp;gt;
  (Session info: chrome=88.0.4324.104)
Build info: version: &amp;apos;3.141.59&amp;apos;, revision: &amp;apos;e82be7d358&amp;apos;, time: &amp;apos;2018-11-14T08:17:03&amp;apos;
System info: host: &amp;apos;DESKTOP-F3C6V38&amp;apos;, ip: &amp;apos;192.168.75.1&amp;apos;, os.name: &amp;apos;Windows 10&amp;apos;, os.arch: &amp;apos;amd64&amp;apos;, os.version: &amp;apos;10.0&amp;apos;, java.version: &amp;apos;1.8.0_241&amp;apos;
Driver info: org.openqa.selenium.chrome.ChromeDriver
Capabilities {acceptInsecureCerts: true, browserName: chrome, browserVersion: 88.0.4324.104, chrome: {chromedriverVersion: 88.0.4324.96 (68dba2d8a0b14..., userDataDir: C:\Windows\TEMP\scoped_dir2...}, goog:chromeOptions: {debuggerAddress: localhost:52434}, javascriptEnabled: true, networkConnectionEnabled: false, pageLoadStrategy: normal, platform: WINDOWS, platformName: WINDOWS, proxy: Proxy(), setWindowRect: true, strictFileInteractability: false, timeouts: {implicit: 0, pageLoad: 300000, script: 30000}, unhandledPromptBehavior: dismiss and notify, webauthn:extension:largeBlob: true, webauthn:virtualAuthenticators: true}
Session ID: 210eb66807fd8c52e7545e46cb1bfbc5">
      <![CDATA[org.openqa.selenium.ElementClickInterceptedException: element click intercepted: Element <input class="search-members-button button js-form-submit form-submit form-control" data-drupal-selector="edit-search" type="submit" id="edit-search" name="op" value="Search"> is not clickable at point (929, 381). Other element would receive the click: <input class="btn btn-warning reset-button-custom button js-form-submit form-submit btn btn-success" data-drupal-selector="edit-reset" type="submit" id="edit-reset" name="op" value="Reset">
  (Session info: chrome=88.0.4324.104)
Build info: version: '3.141.59', revision: 'e82be7d358', time: '2018-11-14T08:17:03'
System info: host: 'DESKTOP-F3C6V38', ip: '192.168.75.1', os.name: 'Windows 10', os.arch: 'amd64', os.version: '10.0', java.version: '1.8.0_241'
Driver info: org.openqa.selenium.chrome.ChromeDriver
Capabilities {acceptInsecureCerts: true, browserName: chrome, browserVersion: 88.0.4324.104, chrome: {chromedriverVersion: 88.0.4324.96 (68dba2d8a0b14..., userDataDir: C:\Windows\TEMP\scoped_dir2...}, goog:chromeOptions: {debuggerAddress: localhost:52434}, javascriptEnabled: true, networkConnectionEnabled: false, pageLoadStrategy: normal, platform: WINDOWS, platformName: WINDOWS, proxy: Proxy(), setWindowRect: true, strictFileInteractability: false, timeouts: {implicit: 0, pageLoad: 300000, script: 30000}, unhandledPromptBehavior: dismiss and notify, webauthn:extension:largeBlob: true, webauthn:virtualAuthenticators: true}
Session ID: 210eb66807fd8c52e7545e46cb1bfbc5
at org.openqa.selenium.remote.http.W3CHttpResponseCodec.createException(W3CHttpResponseCodec.java:187)
at org.openqa.selenium.remote.http.W3CHttpResponseCodec.decode(W3CHttpResponseCodec.java:122)
at org.openqa.selenium.remote.http.W3CHttpResponseCodec.decode(W3CHttpResponseCodec.java:49)
at org.openqa.selenium.remote.HttpCommandExecutor.execute(HttpCommandExecutor.java:158)
at org.openqa.selenium.remote.service.DriverCommandExecutor.execute(DriverCommandExecutor.java:83)
at org.openqa.selenium.remote.RemoteWebDriver.execute(RemoteWebDriver.java:552)
at org.openqa.selenium.remote.RemoteWebElement.execute(RemoteWebElement.java:285)
at org.openqa.selenium.remote.RemoteWebElement.click(RemoteWebElement.java:84)
at SearchUserGuestOne.testManagePassword(SearchUserGuestOne.java:80)
at com.sun.proxy.$Proxy2.stop(Unknown Source)
at java.util.concurrent.ThreadPoolExecutor.runWorker(ThreadPoolExecutor.java:1149)
at java.util.concurrent.ThreadPoolExecutor$Worker.run(ThreadPoolExecutor.java:624)
at java.lang.Thread.run(Thread.java:748)
... Removed 50 stack frames]]>
    </failure>
  </testcase> <!-- testManagePassword -->
  <testcase name="ListSentNotifications" time="196.2" classname="listSentNotificationsGuestOne"/>
  <testcase name="IsonLogin" time="173.591" classname="TrainingModuleGuestOne"/>
  <testcase name="testMyPollSurvey" time="175.665" classname="myPollSurveyGuestOne"/>
  <testcase name="testlmsActiveUsersDashboard" time="128.893" classname="lmsActiveUsersDashboardGuestOne"/>
  <testcase name="testlmsQuickAccessDashboard" time="70.451" classname="lmsQuickAccessDashboardGuestOne"/>
  <testcase name="testmyCalendarDashboard" time="133.765" classname="myCalendarDashboardGuestOne"/>
  <testcase name="testonlineTrainingsDashboard" time="122.481" classname="onlineTrainingsDashboardGuestOne"/>
  <testcase name="testtrainingOverviewDashboard" time="94.22" classname="trainingOverviewDashboardGuestOne"/>
</testsuite>
