<?xml version="1.0" encoding="UTF-8"?>
<!-- Generated by org.testng.reporters.JUnitXMLReporter -->
<testsuite hostname="DESKTOP-F3C6V38" ignored="0" tests="1" failures="0" timestamp="28 Jan 2021 14:15:45 GMT" time="2.364" errors="0">
  <testcase name="@BeforeClass setUp" time="2.341" classname="Certificate">
    <failure type="org.openqa.selenium.SessionNotCreatedException" message="session not created: This version of ChromeDriver only supports Chrome version 86
Current browser version is 88.0.4324.104 with binary path C:\Program Files (x86)\Google\Chrome\Application\chrome.exe
Build info: version: &amp;apos;3.141.59&amp;apos;, revision: &amp;apos;e82be7d358&amp;apos;, time: &amp;apos;2018-11-14T08:17:03&amp;apos;
System info: host: &amp;apos;DESKTOP-F3C6V38&amp;apos;, ip: &amp;apos;192.168.75.1&amp;apos;, os.name: &amp;apos;Windows 10&amp;apos;, os.arch: &amp;apos;amd64&amp;apos;, os.version: &amp;apos;10.0&amp;apos;, java.version: &amp;apos;1.8.0_241&amp;apos;
Driver info: driver.version: ChromeDriver
remote stacktrace: Backtrace:
	Ordinal0 [0x00B0C013+3194899]
	Ordinal0 [0x009F6021+2056225]
	Ordinal0 [0x0088F608+587272]
	Ordinal0 [0x00811BF3+72691]
	Ordinal0 [0x0080E229+57897]
	Ordinal0 [0x0080C64A+50762]
	Ordinal0 [0x00831EE9+204521]
	Ordinal0 [0x00831D0D+204045]
	Ordinal0 [0x0082FC1B+195611]
	Ordinal0 [0x00813B7F+80767]
	Ordinal0 [0x00814B4E+84814]
	Ordinal0 [0x00814AD9+84697]
	Ordinal0 [0x00A0CE64+2149988]
	GetHandleVerifier [0x00C7BE95+1400773]
	GetHandleVerifier [0x00C7BB61+1399953]
	GetHandleVerifier [0x00C831FA+1430314]
	GetHandleVerifier [0x00C7C69F+1402831]
	Ordinal0 [0x00A03D61+2112865]
	Ordinal0 [0x00A0E5CB+2155979]
	Ordinal0 [0x00A0E6F5+2156277]
	Ordinal0 [0x00A1F26E+2224750]
	BaseThreadInitThunk [0x7779FA29+25]
	RtlGetAppContainerNamedObjectPath [0x779375F4+228]
	RtlGetAppContainerNamedObjectPath [0x779375C4+180]
">
      <![CDATA[org.openqa.selenium.SessionNotCreatedException: session not created: This version of ChromeDriver only supports Chrome version 86
Current browser version is 88.0.4324.104 with binary path C:\Program Files (x86)\Google\Chrome\Application\chrome.exe
Build info: version: '3.141.59', revision: 'e82be7d358', time: '2018-11-14T08:17:03'
System info: host: 'DESKTOP-F3C6V38', ip: '192.168.75.1', os.name: 'Windows 10', os.arch: 'amd64', os.version: '10.0', java.version: '1.8.0_241'
Driver info: driver.version: ChromeDriver
remote stacktrace: Backtrace:
Ordinal0 [0x00B0C013+3194899]
Ordinal0 [0x009F6021+2056225]
Ordinal0 [0x0088F608+587272]
Ordinal0 [0x00811BF3+72691]
Ordinal0 [0x0080E229+57897]
Ordinal0 [0x0080C64A+50762]
Ordinal0 [0x00831EE9+204521]
Ordinal0 [0x00831D0D+204045]
Ordinal0 [0x0082FC1B+195611]
Ordinal0 [0x00813B7F+80767]
Ordinal0 [0x00814B4E+84814]
Ordinal0 [0x00814AD9+84697]
Ordinal0 [0x00A0CE64+2149988]
GetHandleVerifier [0x00C7BE95+1400773]
GetHandleVerifier [0x00C7BB61+1399953]
GetHandleVerifier [0x00C831FA+1430314]
GetHandleVerifier [0x00C7C69F+1402831]
Ordinal0 [0x00A03D61+2112865]
Ordinal0 [0x00A0E5CB+2155979]
Ordinal0 [0x00A0E6F5+2156277]
Ordinal0 [0x00A1F26E+2224750]
BaseThreadInitThunk [0x7779FA29+25]
RtlGetAppContainerNamedObjectPath [0x779375F4+228]
RtlGetAppContainerNamedObjectPath [0x779375C4+180]

at org.openqa.selenium.remote.W3CHandshakeResponse.lambda$errorHandler$0(W3CHandshakeResponse.java:62)
at org.openqa.selenium.remote.HandshakeResponse.lambda$getResponseFunction$0(HandshakeResponse.java:30)
at org.openqa.selenium.remote.ProtocolHandshake.lambda$createSession$0(ProtocolHandshake.java:126)
at java.util.stream.ReferencePipeline$3$1.accept(ReferencePipeline.java:193)
at java.util.Spliterators$ArraySpliterator.tryAdvance(Spliterators.java:958)
at java.util.stream.ReferencePipeline.forEachWithCancel(ReferencePipeline.java:126)
at java.util.stream.AbstractPipeline.copyIntoWithCancel(AbstractPipeline.java:499)
at java.util.stream.AbstractPipeline.copyInto(AbstractPipeline.java:486)
at java.util.stream.AbstractPipeline.wrapAndCopyInto(AbstractPipeline.java:472)
at java.util.stream.FindOps$FindOp.evaluateSequential(FindOps.java:152)
at java.util.stream.AbstractPipeline.evaluate(AbstractPipeline.java:234)
at java.util.stream.ReferencePipeline.findFirst(ReferencePipeline.java:464)
at org.openqa.selenium.remote.ProtocolHandshake.createSession(ProtocolHandshake.java:128)
at org.openqa.selenium.remote.ProtocolHandshake.createSession(ProtocolHandshake.java:74)
at org.openqa.selenium.remote.HttpCommandExecutor.execute(HttpCommandExecutor.java:136)
at org.openqa.selenium.remote.service.DriverCommandExecutor.execute(DriverCommandExecutor.java:83)
at org.openqa.selenium.remote.RemoteWebDriver.execute(RemoteWebDriver.java:552)
at org.openqa.selenium.remote.RemoteWebDriver.startSession(RemoteWebDriver.java:213)
at org.openqa.selenium.remote.RemoteWebDriver.<init>(RemoteWebDriver.java:131)
at org.openqa.selenium.chrome.ChromeDriver.<init>(ChromeDriver.java:181)
at org.openqa.selenium.chrome.ChromeDriver.<init>(ChromeDriver.java:168)
at org.openqa.selenium.chrome.ChromeDriver.<init>(ChromeDriver.java:157)
at Certificate.setUp(Certificate.java:36)
at com.sun.proxy.$Proxy2.stop(Unknown Source)
at java.util.concurrent.ThreadPoolExecutor.runWorker(ThreadPoolExecutor.java:1149)
at java.util.concurrent.ThreadPoolExecutor$Worker.run(ThreadPoolExecutor.java:624)
at java.lang.Thread.run(Thread.java:748)
... Removed 51 stack frames]]>
    </failure>
  </testcase> <!-- @BeforeClass setUp -->
  <testcase name="@AfterClass tearDown" time="0.0" classname="Certificate">
    <failure type="java.lang.NullPointerException">
      <![CDATA[java.lang.NullPointerException
at Certificate.tearDown(Certificate.java:136)
at com.sun.proxy.$Proxy2.stop(Unknown Source)
at java.util.concurrent.ThreadPoolExecutor.runWorker(ThreadPoolExecutor.java:1149)
at java.util.concurrent.ThreadPoolExecutor$Worker.run(ThreadPoolExecutor.java:624)
at java.lang.Thread.run(Thread.java:748)
... Removed 47 stack frames]]>
    </failure>
  </testcase> <!-- @AfterClass tearDown -->
  <testcase name="GetCertificate" time="0.0" classname="Certificate">
    <skipped/>
  </testcase> <!-- GetCertificate -->
</testsuite>
