<?xml version="1.0" encoding="UTF-8"?>
<!-- Generated by org.testng.reporters.JUnitXMLReporter -->
<testsuite hostname="DESKTOP-F3C6V38" ignored="0" tests="28" failures="1" timestamp="25 Aug 2021 19:08:22 GMT" time="2380.513" errors="0">
  <testcase name="GetCertificate" time="38.55" classname="Certificate"/>
  <testcase name="testReceiveNotifications" time="93.565" classname="receivedNotifications"/>
  <testcase name="testImportBulkusers" time="90.002" classname="importBulkUsers"/>
  <testcase name="testAddEditDelLob" time="69.327" classname="addEditDelLob"/>
  <testcase name="testAddUser" time="167.412" classname="addUserTrainer"/>
  <testcase name="testManagePassword" time="179.467" classname="managePassword"/>
  <testcase name="Profile" time="30.57" classname="UserProfile"/>
  <testcase name="testDeactivateActivateUser" time="211.449" classname="deactivateActivateUserRAdmin"/>
  <testcase name="testUsersexport" time="111.042" classname="usersExport"/>
  <testcase name="testManageProfilepic" time="101.732" classname="manageProfilePicRAdmin"/>
  <testcase name="testUsersexport" time="111.608" classname="usersExportRAdmin"/>
  <testcase name="ListSentNotifications" time="65.238" classname="NotificationsTrainee"/>
  <testcase name="testManagePassword" time="88.694" classname="SearchUserClient"/>
  <testcase name="testManagePassword" time="156.374" classname="managePasswordSDHead"/>
  <testcase name="testImportBulkusers" time="102.818" classname="importBulkUsersSDHead"/>
  <testcase name="testUsersexport" time="111.994" classname="usersExportTrainer"/>
  <testcase name="testManagePassword" time="84.56" classname="SearchUserGuestOne"/>
  <testcase name="testManagePassword" time="89.642" classname="SearchUserSiteHead"/>
  <testcase name="ListSentNotifications" time="124.543" classname="listSentNotificationsRAdmin"/>
  <testcase name="testSendNotifications" time="176.499" classname="sendNotificationsTrainer"/>
  <testcase name="testtrainingOverviewDashboard" time="209.788" classname="trainingOverviewDashboardSiteHead">
    <failure type="org.openqa.selenium.NoSuchElementException" message="no such element: Unable to locate element: {&amp;quot;method&amp;quot;:&amp;quot;link text&amp;quot;,&amp;quot;selector&amp;quot;:&amp;quot;Logout&amp;quot;}
  (Session info: chrome=92.0.4515.131)
For documentation on this error, please visit: https://www.seleniumhq.org/exceptions/no_such_element.html
Build info: version: &amp;apos;3.141.59&amp;apos;, revision: &amp;apos;e82be7d358&amp;apos;, time: &amp;apos;2018-11-14T08:17:03&amp;apos;
System info: host: &amp;apos;DESKTOP-F3C6V38&amp;apos;, ip: &amp;apos;192.168.75.1&amp;apos;, os.name: &amp;apos;Windows 10&amp;apos;, os.arch: &amp;apos;amd64&amp;apos;, os.version: &amp;apos;10.0&amp;apos;, java.version: &amp;apos;1.8.0_241&amp;apos;
Driver info: org.openqa.selenium.chrome.ChromeDriver
Capabilities {acceptInsecureCerts: true, browserName: chrome, browserVersion: 92.0.4515.131, chrome: {chromedriverVersion: 91.0.4472.19 (1bf021f248676..., userDataDir: C:\Windows\TEMP\scoped_dir2...}, goog:chromeOptions: {debuggerAddress: localhost:54858}, javascriptEnabled: true, networkConnectionEnabled: false, pageLoadStrategy: normal, platform: WINDOWS, platformName: WINDOWS, proxy: Proxy(), setWindowRect: true, strictFileInteractability: false, timeouts: {implicit: 0, pageLoad: 300000, script: 30000}, unhandledPromptBehavior: dismiss and notify, webauthn:extension:largeBlob: true, webauthn:virtualAuthenticators: true}
Session ID: ec03163914037606b996ab4156b08f69
*** Element info: {Using=link text, value=Logout}">
      <![CDATA[org.openqa.selenium.NoSuchElementException: no such element: Unable to locate element: {"method":"link text","selector":"Logout"}
  (Session info: chrome=92.0.4515.131)
For documentation on this error, please visit: https://www.seleniumhq.org/exceptions/no_such_element.html
Build info: version: '3.141.59', revision: 'e82be7d358', time: '2018-11-14T08:17:03'
System info: host: 'DESKTOP-F3C6V38', ip: '192.168.75.1', os.name: 'Windows 10', os.arch: 'amd64', os.version: '10.0', java.version: '1.8.0_241'
Driver info: org.openqa.selenium.chrome.ChromeDriver
Capabilities {acceptInsecureCerts: true, browserName: chrome, browserVersion: 92.0.4515.131, chrome: {chromedriverVersion: 91.0.4472.19 (1bf021f248676..., userDataDir: C:\Windows\TEMP\scoped_dir2...}, goog:chromeOptions: {debuggerAddress: localhost:54858}, javascriptEnabled: true, networkConnectionEnabled: false, pageLoadStrategy: normal, platform: WINDOWS, platformName: WINDOWS, proxy: Proxy(), setWindowRect: true, strictFileInteractability: false, timeouts: {implicit: 0, pageLoad: 300000, script: 30000}, unhandledPromptBehavior: dismiss and notify, webauthn:extension:largeBlob: true, webauthn:virtualAuthenticators: true}
Session ID: ec03163914037606b996ab4156b08f69
*** Element info: {Using=link text, value=Logout}
at org.openqa.selenium.remote.http.W3CHttpResponseCodec.createException(W3CHttpResponseCodec.java:187)
at org.openqa.selenium.remote.http.W3CHttpResponseCodec.decode(W3CHttpResponseCodec.java:122)
at org.openqa.selenium.remote.http.W3CHttpResponseCodec.decode(W3CHttpResponseCodec.java:49)
at org.openqa.selenium.remote.HttpCommandExecutor.execute(HttpCommandExecutor.java:158)
at org.openqa.selenium.remote.service.DriverCommandExecutor.execute(DriverCommandExecutor.java:83)
at org.openqa.selenium.remote.RemoteWebDriver.execute(RemoteWebDriver.java:552)
at org.openqa.selenium.remote.RemoteWebDriver.findElement(RemoteWebDriver.java:323)
at org.openqa.selenium.remote.RemoteWebDriver.findElementByLinkText(RemoteWebDriver.java:380)
at org.openqa.selenium.By$ByLinkText.findElement(By.java:220)
at org.openqa.selenium.remote.RemoteWebDriver.findElement(RemoteWebDriver.java:315)
at trainingOverviewDashboardSiteHead.testtrainingOverviewDashboard(trainingOverviewDashboardSiteHead.java:112)
at java.util.concurrent.ThreadPoolExecutor.runWorker(ThreadPoolExecutor.java:1149)
at java.util.concurrent.ThreadPoolExecutor$Worker.run(ThreadPoolExecutor.java:624)
at java.lang.Thread.run(Thread.java:748)
... Removed 14 stack frames]]>
    </failure>
  </testcase> <!-- testtrainingOverviewDashboard -->
  <testcase name="IsonLogin" time="88.053" classname="TrainingModuleClient"/>
  <testcase name="ListSentNotifications" time="128.82" classname="listSentNotificationsGuestOne"/>
  <testcase name="IsonLogin" time="68.533" classname="TrainingModuleSiteHead"/>
  <testcase name="ListSentNotifications" time="107.043" classname="listSentNotificationsSiteHead"/>
  <testcase name="ListSentNotifications" time="148.517" classname="listSentNotificationsSDHead"/>
  <testcase name="testAssessment" time="738.292" classname="AssessmentModuleRAdmin"/>
  <testcase name="ClassTraining" time="939.636" classname="TestClassRoomTrainingRAdmin"/>
</testsuite>
