<html>
<head>
<title>TestNG:  Trainer Role</title>
<link href="../testng.css" rel="stylesheet" type="text/css" />
<link href="../my-testng.css" rel="stylesheet" type="text/css" />

<style type="text/css">
.log { display: none;} 
.stack-trace { display: none;} 
</style>
<script type="text/javascript">
<!--
function flip(e) {
  current = e.style.display;
  if (current == 'block') {
    e.style.display = 'none';
    return 0;
  }
  else {
    e.style.display = 'block';
    return 1;
  }
}

function toggleBox(szDivId, elem, msg1, msg2)
{
  var res = -1;  if (document.getElementById) {
    res = flip(document.getElementById(szDivId));
  }
  else if (document.all) {
    // this is the way old msie versions work
    res = flip(document.all[szDivId]);
  }
  if(elem) {
    if(res == 0) elem.innerHTML = msg1; else elem.innerHTML = msg2;
  }

}

function toggleAllBoxes() {
  if (document.getElementsByTagName) {
    d = document.getElementsByTagName('div');
    for (i = 0; i < d.length; i++) {
      if (d[i].className == 'log') {
        flip(d[i]);
      }
    }
  }
}

// -->
</script>

</head>
<body>
<h2 align='center'>Trainer Role</h2><table border='1' align="center">
<tr>
<td>Tests passed/Failed/Skipped:</td><td>27/1/0</td>
</tr><tr>
<td>Started on:</td><td>Wed Aug 25 23:58:41 IST 2021</td>
</tr>
<tr><td>Total time:</td><td>2380 seconds (2380513 ms)</td>
</tr><tr>
<td>Included groups:</td><td></td>
</tr><tr>
<td>Excluded groups:</td><td></td>
</tr>
</table><p/>
<small><i>(Hover the method name to see the test class name)</i></small><p/>
<table width='100%' border='1' class='invocation-failed'>
<tr><td colspan='4' align='center'><b>FAILED TESTS</b></td></tr>
<tr><td><b>Test method</b></td>
<td width="30%"><b>Exception</b></td>
<td width="10%"><b>Time (seconds)</b></td>
<td><b>Instance</b></td>
</tr>
<tr>
<td title='trainingOverviewDashboardSiteHead.testtrainingOverviewDashboard()'><b>testtrainingOverviewDashboard</b><br>Test class: trainingOverviewDashboardSiteHead</td>
<td><div><pre>org.openqa.selenium.NoSuchElementException: no such element: Unable to locate element: {&quot;method&quot;:&quot;link text&quot;,&quot;selector&quot;:&quot;Logout&quot;}
  (Session info: chrome=92.0.4515.131)
For documentation on this error, please visit: https://www.seleniumhq.org/exceptions/no_such_element.html
Build info: version: &apos;3.141.59&apos;, revision: &apos;e82be7d358&apos;, time: &apos;2018-11-14T08:17:03&apos;
System info: host: &apos;DESKTOP-F3C6V38&apos;, ip: &apos;192.168.75.1&apos;, os.name: &apos;Windows 10&apos;, os.arch: &apos;amd64&apos;, os.version: &apos;10.0&apos;, java.version: &apos;1.8.0_241&apos;
Driver info: org.openqa.selenium.chrome.ChromeDriver
Capabilities {acceptInsecureCerts: true, browserName: chrome, browserVersion: 92.0.4515.131, chrome: {chromedriverVersion: 91.0.4472.19 (1bf021f248676..., userDataDir: C:\Windows\TEMP\scoped_dir2...}, goog:chromeOptions: {debuggerAddress: localhost:54858}, javascriptEnabled: true, networkConnectionEnabled: false, pageLoadStrategy: normal, platform: WINDOWS, platformName: WINDOWS, proxy: Proxy(), setWindowRect: true, strictFileInteractability: false, timeouts: {implicit: 0, pageLoad: 300000, script: 30000}, unhandledPromptBehavior: dismiss and notify, webauthn:extension:largeBlob: true, webauthn:virtualAuthenticators: true}
Session ID: ec03163914037606b996ab4156b08f69
*** Element info: {Using=link text, value=Logout}
	at org.openqa.selenium.remote.http.W3CHttpResponseCodec.createException(W3CHttpResponseCodec.java:187)
	at org.openqa.selenium.remote.http.W3CHttpResponseCodec.decode(W3CHttpResponseCodec.java:122)
	at org.openqa.selenium.remote.http.W3CHttpResponseCodec.decode(W3CHttpResponseCodec.java:49)
	at org.openqa.selenium.remote.HttpCommandExecutor.execute(HttpCommandExecutor.java:158)
	at org.openqa.selenium.remote.service.DriverCommandExecutor.execute(DriverCommandExecutor.java:83)
	at org.openqa.selenium.remote.RemoteWebDriver.execute(RemoteWebDriver.java:552)
	at org.openqa.selenium.remote.RemoteWebDriver.findElement(RemoteWebDriver.java:323)
	at org.openqa.selenium.remote.RemoteWebDriver.findElementByLinkText(RemoteWebDriver.java:380)
	at org.openqa.selenium.By$ByLinkText.findElement(By.java:220)
	at org.openqa.selenium.remote.RemoteWebDriver.findElement(RemoteWebDriver.java:315)
	at trainingOverviewDashboardSiteHead.testtrainingOverviewDashboard(trainingOverviewDashboardSiteHead.java:112)
	at java.util.concurrent.ThreadPoolExecutor.runWorker(ThreadPoolExecutor.java:1149)
	at java.util.concurrent.ThreadPoolExecutor$Worker.run(ThreadPoolExecutor.java:624)
	at java.lang.Thread.run(Thread.java:748)
... Removed 14 stack frames</pre></div><a href='#' onClick='toggleBox("stack-trace1944820640", this, "Click to show all stack frames", "Click to hide stack frames")'>Click to show all stack frames</a>
<div class='stack-trace' id='stack-trace1944820640'><pre>org.openqa.selenium.NoSuchElementException: no such element: Unable to locate element: {&quot;method&quot;:&quot;link text&quot;,&quot;selector&quot;:&quot;Logout&quot;}
  (Session info: chrome=92.0.4515.131)
For documentation on this error, please visit: https://www.seleniumhq.org/exceptions/no_such_element.html
Build info: version: &apos;3.141.59&apos;, revision: &apos;e82be7d358&apos;, time: &apos;2018-11-14T08:17:03&apos;
System info: host: &apos;DESKTOP-F3C6V38&apos;, ip: &apos;192.168.75.1&apos;, os.name: &apos;Windows 10&apos;, os.arch: &apos;amd64&apos;, os.version: &apos;10.0&apos;, java.version: &apos;1.8.0_241&apos;
Driver info: org.openqa.selenium.chrome.ChromeDriver
Capabilities {acceptInsecureCerts: true, browserName: chrome, browserVersion: 92.0.4515.131, chrome: {chromedriverVersion: 91.0.4472.19 (1bf021f248676..., userDataDir: C:\Windows\TEMP\scoped_dir2...}, goog:chromeOptions: {debuggerAddress: localhost:54858}, javascriptEnabled: true, networkConnectionEnabled: false, pageLoadStrategy: normal, platform: WINDOWS, platformName: WINDOWS, proxy: Proxy(), setWindowRect: true, strictFileInteractability: false, timeouts: {implicit: 0, pageLoad: 300000, script: 30000}, unhandledPromptBehavior: dismiss and notify, webauthn:extension:largeBlob: true, webauthn:virtualAuthenticators: true}
Session ID: ec03163914037606b996ab4156b08f69
*** Element info: {Using=link text, value=Logout}
	at sun.reflect.NativeConstructorAccessorImpl.newInstance0(Native Method)
	at sun.reflect.NativeConstructorAccessorImpl.newInstance(NativeConstructorAccessorImpl.java:62)
	at sun.reflect.DelegatingConstructorAccessorImpl.newInstance(DelegatingConstructorAccessorImpl.java:45)
	at java.lang.reflect.Constructor.newInstance(Constructor.java:423)
	at org.openqa.selenium.remote.http.W3CHttpResponseCodec.createException(W3CHttpResponseCodec.java:187)
	at org.openqa.selenium.remote.http.W3CHttpResponseCodec.decode(W3CHttpResponseCodec.java:122)
	at org.openqa.selenium.remote.http.W3CHttpResponseCodec.decode(W3CHttpResponseCodec.java:49)
	at org.openqa.selenium.remote.HttpCommandExecutor.execute(HttpCommandExecutor.java:158)
	at org.openqa.selenium.remote.service.DriverCommandExecutor.execute(DriverCommandExecutor.java:83)
	at org.openqa.selenium.remote.RemoteWebDriver.execute(RemoteWebDriver.java:552)
	at org.openqa.selenium.remote.RemoteWebDriver.findElement(RemoteWebDriver.java:323)
	at org.openqa.selenium.remote.RemoteWebDriver.findElementByLinkText(RemoteWebDriver.java:380)
	at org.openqa.selenium.By$ByLinkText.findElement(By.java:220)
	at org.openqa.selenium.remote.RemoteWebDriver.findElement(RemoteWebDriver.java:315)
	at trainingOverviewDashboardSiteHead.testtrainingOverviewDashboard(trainingOverviewDashboardSiteHead.java:112)
	at sun.reflect.NativeMethodAccessorImpl.invoke0(Native Method)
	at sun.reflect.NativeMethodAccessorImpl.invoke(NativeMethodAccessorImpl.java:62)
	at sun.reflect.DelegatingMethodAccessorImpl.invoke(DelegatingMethodAccessorImpl.java:43)
	at java.lang.reflect.Method.invoke(Method.java:498)
	at org.testng.internal.MethodInvocationHelper.invokeMethod(MethodInvocationHelper.java:124)
	at org.testng.internal.Invoker.invokeMethod(Invoker.java:583)
	at org.testng.internal.Invoker.invokeTestMethod(Invoker.java:719)
	at org.testng.internal.Invoker.invokeTestMethods(Invoker.java:989)
	at org.testng.internal.TestMethodWorker.invokeTestMethods(TestMethodWorker.java:125)
	at org.testng.internal.TestMethodWorker.run(TestMethodWorker.java:109)
	at java.util.concurrent.ThreadPoolExecutor.runWorker(ThreadPoolExecutor.java:1149)
	at java.util.concurrent.ThreadPoolExecutor$Worker.run(ThreadPoolExecutor.java:624)
	at java.lang.Thread.run(Thread.java:748)
</pre></div></td>
<td>209</td>
<td>trainingOverviewDashboardSiteHead@5759a4ff</td></tr>
</table><p>
<table width='100%' border='1' class='invocation-passed'>
<tr><td colspan='4' align='center'><b>PASSED TESTS</b></td></tr>
<tr><td><b>Test method</b></td>
<td width="30%"><b>Exception</b></td>
<td width="10%"><b>Time (seconds)</b></td>
<td><b>Instance</b></td>
</tr>
<tr>
<td title='TestClassRoomTrainingRAdmin.ClassTraining()'><b>ClassTraining</b><br>Test class: TestClassRoomTrainingRAdmin</td>
<td></td>
<td>939</td>
<td>TestClassRoomTrainingRAdmin@4cb1816c</td></tr>
<tr>
<td title='Certificate.GetCertificate()'><b>GetCertificate</b><br>Test class: Certificate</td>
<td></td>
<td>38</td>
<td>Certificate@552c076e</td></tr>
<tr>
<td title='TrainingModuleClient.IsonLogin()'><b>IsonLogin</b><br>Test class: TrainingModuleClient</td>
<td></td>
<td>88</td>
<td>TrainingModuleClient@2c313bc1</td></tr>
<tr>
<td title='TrainingModuleSiteHead.IsonLogin()'><b>IsonLogin</b><br>Test class: TrainingModuleSiteHead</td>
<td></td>
<td>68</td>
<td>TrainingModuleSiteHead@49ea1daf</td></tr>
<tr>
<td title='NotificationsTrainee.ListSentNotifications()'><b>ListSentNotifications</b><br>Test class: NotificationsTrainee</td>
<td></td>
<td>65</td>
<td>NotificationsTrainee@5099ba27</td></tr>
<tr>
<td title='listSentNotificationsRAdmin.ListSentNotifications()'><b>ListSentNotifications</b><br>Test class: listSentNotificationsRAdmin</td>
<td></td>
<td>124</td>
<td>listSentNotificationsRAdmin@6452d8bf</td></tr>
<tr>
<td title='listSentNotificationsGuestOne.ListSentNotifications()'><b>ListSentNotifications</b><br>Test class: listSentNotificationsGuestOne</td>
<td></td>
<td>128</td>
<td>listSentNotificationsGuestOne@5a1f55d6</td></tr>
<tr>
<td title='listSentNotificationsSiteHead.ListSentNotifications()'><b>ListSentNotifications</b><br>Test class: listSentNotificationsSiteHead</td>
<td></td>
<td>107</td>
<td>listSentNotificationsSiteHead@36551ce4</td></tr>
<tr>
<td title='listSentNotificationsSDHead.ListSentNotifications()'><b>ListSentNotifications</b><br>Test class: listSentNotificationsSDHead</td>
<td></td>
<td>148</td>
<td>listSentNotificationsSDHead@69fb40a1</td></tr>
<tr>
<td title='UserProfile.Profile()'><b>Profile</b><br>Test class: UserProfile</td>
<td></td>
<td>30</td>
<td>UserProfile@529519e7</td></tr>
<tr>
<td title='addEditDelLob.testAddEditDelLob()'><b>testAddEditDelLob</b><br>Test class: addEditDelLob</td>
<td></td>
<td>69</td>
<td>addEditDelLob@5c685504</td></tr>
<tr>
<td title='addUserTrainer.testAddUser()'><b>testAddUser</b><br>Test class: addUserTrainer</td>
<td></td>
<td>167</td>
<td>addUserTrainer@72e90a0c</td></tr>
<tr>
<td title='AssessmentModuleRAdmin.testAssessment()'><b>testAssessment</b><br>Test class: AssessmentModuleRAdmin</td>
<td></td>
<td>738</td>
<td>AssessmentModuleRAdmin@529d0622</td></tr>
<tr>
<td title='deactivateActivateUserRAdmin.testDeactivateActivateUser()'><b>testDeactivateActivateUser</b><br>Test class: deactivateActivateUserRAdmin</td>
<td></td>
<td>211</td>
<td>deactivateActivateUserRAdmin@6816c783</td></tr>
<tr>
<td title='importBulkUsers.testImportBulkusers()'><b>testImportBulkusers</b><br>Test class: importBulkUsers</td>
<td></td>
<td>90</td>
<td>importBulkUsers@8512193</td></tr>
<tr>
<td title='importBulkUsersSDHead.testImportBulkusers()'><b>testImportBulkusers</b><br>Test class: importBulkUsersSDHead</td>
<td></td>
<td>102</td>
<td>importBulkUsersSDHead@382621d5</td></tr>
<tr>
<td title='managePassword.testManagePassword()'><b>testManagePassword</b><br>Test class: managePassword</td>
<td></td>
<td>179</td>
<td>managePassword@69ca3e90</td></tr>
<tr>
<td title='SearchUserClient.testManagePassword()'><b>testManagePassword</b><br>Test class: SearchUserClient</td>
<td></td>
<td>88</td>
<td>SearchUserClient@5cdec21c</td></tr>
<tr>
<td title='managePasswordSDHead.testManagePassword()'><b>testManagePassword</b><br>Test class: managePasswordSDHead</td>
<td></td>
<td>156</td>
<td>managePasswordSDHead@41f55b76</td></tr>
<tr>
<td title='SearchUserGuestOne.testManagePassword()'><b>testManagePassword</b><br>Test class: SearchUserGuestOne</td>
<td></td>
<td>84</td>
<td>SearchUserGuestOne@4e362d47</td></tr>
<tr>
<td title='SearchUserSiteHead.testManagePassword()'><b>testManagePassword</b><br>Test class: SearchUserSiteHead</td>
<td></td>
<td>89</td>
<td>SearchUserSiteHead@6df37569</td></tr>
<tr>
<td title='manageProfilePicRAdmin.testManageProfilepic()'><b>testManageProfilepic</b><br>Test class: manageProfilePicRAdmin</td>
<td></td>
<td>101</td>
<td>manageProfilePicRAdmin@74cd2f63</td></tr>
<tr>
<td title='receivedNotifications.testReceiveNotifications()'><b>testReceiveNotifications</b><br>Test class: receivedNotifications</td>
<td></td>
<td>93</td>
<td>receivedNotifications@7b9aa6ab</td></tr>
<tr>
<td title='sendNotificationsTrainer.testSendNotifications()'><b>testSendNotifications</b><br>Test class: sendNotificationsTrainer</td>
<td></td>
<td>176</td>
<td>sendNotificationsTrainer@287af746</td></tr>
<tr>
<td title='usersExport.testUsersexport()'><b>testUsersexport</b><br>Test class: usersExport</td>
<td></td>
<td>111</td>
<td>usersExport@4c4ba6c4</td></tr>
<tr>
<td title='usersExportRAdmin.testUsersexport()'><b>testUsersexport</b><br>Test class: usersExportRAdmin</td>
<td></td>
<td>111</td>
<td>usersExportRAdmin@2a39c4a6</td></tr>
<tr>
<td title='usersExportTrainer.testUsersexport()'><b>testUsersexport</b><br>Test class: usersExportTrainer</td>
<td></td>
<td>111</td>
<td>usersExportTrainer@2573fc74</td></tr>
</table><p>
</body>
</html>